<?xml version="1.0" encoding="UTF-8" ?>
<testsuite errors="1" failures="0" hostname="main-10-230-154-190.tamulink.tamu.edu" name="edu.tamu.aser.rvtest.weblech.WeblechTest" skipped="0" tests="1" time="0.0" timestamp="2018-05-10T18:55:00">
  <properties>
[...]
</properties>
  <testcase classname="edu.tamu.aser.rvtest.weblech.WeblechTest" name="unknown" time="0.0">
    <error message="Forked Java VM exited abnormally. Please note the time in the report does not reflect the time until the VM exit." type="junit.framework.AssertionFailedError">junit.framework.AssertionFailedError: Forked Java VM exited abnormally. Please note the time in the report does not reflect the time until the VM exit.
</error>
  </testcase>
</testsuite>
